{"C:\\Projects\\New folder\\DAL\\activityDAL.js": {"path":"C:\\Projects\\New folder\\DAL\\activityDAL.js","statementMap":{"0":{"start":{"line":1,"column":37},"end":{"line":1,"column":63}},"1":{"start":{"line":6,"column":8},"end":{"line":11,"column":9}},"2":{"start":{"line":7,"column":32},"end":{"line":7,"column":59}},"3":{"start":{"line":8,"column":12},"end":{"line":8,"column":31}},"4":{"start":{"line":10,"column":12},"end":{"line":10,"column":24}},"5":{"start":{"line":15,"column":8},"end":{"line":20,"column":9}},"6":{"start":{"line":16,"column":37},"end":{"line":16,"column":70}},"7":{"start":{"line":17,"column":12},"end":{"line":17,"column":68}},"8":{"start":{"line":19,"column":12},"end":{"line":19,"column":24}},"9":{"start":{"line":29,"column":8},"end":{"line":52,"column":9}},"10":{"start":{"line":30,"column":12},"end":{"line":49,"column":15}},"11":{"start":{"line":51,"column":12},"end":{"line":51,"column":24}},"12":{"start":{"line":56,"column":8},"end":{"line":79,"column":9}},"13":{"start":{"line":57,"column":12},"end":{"line":76,"column":15}},"14":{"start":{"line":78,"column":12},"end":{"line":78,"column":24}},"15":{"start":{"line":83,"column":8},"end":{"line":106,"column":9}},"16":{"start":{"line":84,"column":12},"end":{"line":103,"column":15}},"17":{"start":{"line":105,"column":12},"end":{"line":105,"column":24}},"18":{"start":{"line":110,"column":0},"end":{"line":110,"column":29}}},"fnMap":{"0":{"name":"(anonymous_0)","decl":{"start":{"line":5,"column":4},"end":{"line":5,"column":5}},"loc":{"start":{"line":5,"column":38},"end":{"line":12,"column":5}},"line":5},"1":{"name":"(anonymous_1)","decl":{"start":{"line":14,"column":4},"end":{"line":14,"column":5}},"loc":{"start":{"line":14,"column":44},"end":{"line":21,"column":5}},"line":14},"2":{"name":"(anonymous_2)","decl":{"start":{"line":23,"column":4},"end":{"line":23,"column":5}},"loc":{"start":{"line":28,"column":7},"end":{"line":53,"column":5}},"line":28},"3":{"name":"(anonymous_3)","decl":{"start":{"line":55,"column":4},"end":{"line":55,"column":5}},"loc":{"start":{"line":55,"column":106},"end":{"line":80,"column":5}},"line":55},"4":{"name":"(anonymous_4)","decl":{"start":{"line":82,"column":4},"end":{"line":82,"column":5}},"loc":{"start":{"line":82,"column":114},"end":{"line":107,"column":5}},"line":82}},"branchMap":{"0":{"loc":{"start":{"line":17,"column":19},"end":{"line":17,"column":67}},"type":"cond-expr","locations":[{"start":{"line":17,"column":38},"end":{"line":17,"column":60}},{"start":{"line":17,"column":63},"end":{"line":17,"column":67}}],"line":17},"1":{"loc":{"start":{"line":24,"column":8},"end":{"line":24,"column":18}},"type":"default-arg","locations":[{"start":{"line":24,"column":16},"end":{"line":24,"column":18}}],"line":24},"2":{"loc":{"start":{"line":25,"column":8},"end":{"line":25,"column":18}},"type":"default-arg","locations":[{"start":{"line":25,"column":16},"end":{"line":25,"column":18}}],"line":25},"3":{"loc":{"start":{"line":26,"column":8},"end":{"line":26,"column":18}},"type":"default-arg","locations":[{"start":{"line":26,"column":17},"end":{"line":26,"column":18}}],"line":26},"4":{"loc":{"start":{"line":27,"column":8},"end":{"line":27,"column":39}},"type":"default-arg","locations":[{"start":{"line":27,"column":16},"end":{"line":27,"column":39}}],"line":27},"5":{"loc":{"start":{"line":55,"column":47},"end":{"line":55,"column":57}},"type":"default-arg","locations":[{"start":{"line":55,"column":55},"end":{"line":55,"column":57}}],"line":55},"6":{"loc":{"start":{"line":55,"column":59},"end":{"line":55,"column":69}},"type":"default-arg","locations":[{"start":{"line":55,"column":68},"end":{"line":55,"column":69}}],"line":55},"7":{"loc":{"start":{"line":55,"column":71},"end":{"line":55,"column":102}},"type":"default-arg","locations":[{"start":{"line":55,"column":79},"end":{"line":55,"column":102}}],"line":55},"8":{"loc":{"start":{"line":82,"column":55},"end":{"line":82,"column":65}},"type":"default-arg","locations":[{"start":{"line":82,"column":63},"end":{"line":82,"column":65}}],"line":82},"9":{"loc":{"start":{"line":82,"column":67},"end":{"line":82,"column":77}},"type":"default-arg","locations":[{"start":{"line":82,"column":76},"end":{"line":82,"column":77}}],"line":82},"10":{"loc":{"start":{"line":82,"column":79},"end":{"line":82,"column":110}},"type":"default-arg","locations":[{"start":{"line":82,"column":87},"end":{"line":82,"column":110}}],"line":82}},"s":{"0":4,"1":0,"2":0,"3":0,"4":0,"5":0,"6":0,"7":0,"8":0,"9":0,"10":0,"11":0,"12":0,"13":0,"14":0,"15":0,"16":0,"17":0,"18":4},"f":{"0":0,"1":0,"2":0,"3":0,"4":0},"b":{"0":[0,0],"1":[0],"2":[0],"3":[0],"4":[0],"5":[0],"6":[0],"7":[0],"8":[0],"9":[0],"10":[0]},"_coverageSchema":"1a1c01bbd47fc00a2c39e90264f33305004495a9","hash":"b67fab5759d96294063038b23f1e8a47443f51de"}
,"C:\\Projects\\New folder\\DAL\\resourceDAL.js": {"path":"C:\\Projects\\New folder\\DAL\\resourceDAL.js","statementMap":{"0":{"start":{"line":1,"column":26},"end":{"line":1,"column":52}},"1":{"start":{"line":6,"column":8},"end":{"line":11,"column":9}},"2":{"start":{"line":7,"column":32},"end":{"line":7,"column":59}},"3":{"start":{"line":8,"column":12},"end":{"line":8,"column":31}},"4":{"start":{"line":10,"column":12},"end":{"line":10,"column":24}},"5":{"start":{"line":15,"column":8},"end":{"line":20,"column":9}},"6":{"start":{"line":16,"column":37},"end":{"line":16,"column":70}},"7":{"start":{"line":17,"column":12},"end":{"line":17,"column":68}},"8":{"start":{"line":19,"column":12},"end":{"line":19,"column":24}},"9":{"start":{"line":24,"column":8},"end":{"line":29,"column":9}},"10":{"start":{"line":25,"column":36},"end":{"line":25,"column":74}},"11":{"start":{"line":26,"column":12},"end":{"line":26,"column":35}},"12":{"start":{"line":28,"column":12},"end":{"line":28,"column":24}},"13":{"start":{"line":38,"column":8},"end":{"line":51,"column":11}},"14":{"start":{"line":56,"column":0},"end":{"line":56,"column":29}}},"fnMap":{"0":{"name":"(anonymous_0)","decl":{"start":{"line":5,"column":4},"end":{"line":5,"column":5}},"loc":{"start":{"line":5,"column":39},"end":{"line":12,"column":5}},"line":5},"1":{"name":"(anonymous_1)","decl":{"start":{"line":14,"column":4},"end":{"line":14,"column":5}},"loc":{"start":{"line":14,"column":45},"end":{"line":21,"column":5}},"line":14},"2":{"name":"(anonymous_2)","decl":{"start":{"line":23,"column":4},"end":{"line":23,"column":5}},"loc":{"start":{"line":23,"column":46},"end":{"line":30,"column":5}},"line":23},"3":{"name":"(anonymous_3)","decl":{"start":{"line":32,"column":5},"end":{"line":32,"column":6}},"loc":{"start":{"line":37,"column":7},"end":{"line":52,"column":5}},"line":37}},"branchMap":{"0":{"loc":{"start":{"line":17,"column":19},"end":{"line":17,"column":67}},"type":"cond-expr","locations":[{"start":{"line":17,"column":38},"end":{"line":17,"column":60}},{"start":{"line":17,"column":63},"end":{"line":17,"column":67}}],"line":17},"1":{"loc":{"start":{"line":33,"column":8},"end":{"line":33,"column":18}},"type":"default-arg","locations":[{"start":{"line":33,"column":16},"end":{"line":33,"column":18}}],"line":33},"2":{"loc":{"start":{"line":34,"column":8},"end":{"line":34,"column":18}},"type":"default-arg","locations":[{"start":{"line":34,"column":16},"end":{"line":34,"column":18}}],"line":34},"3":{"loc":{"start":{"line":35,"column":8},"end":{"line":35,"column":18}},"type":"default-arg","locations":[{"start":{"line":35,"column":17},"end":{"line":35,"column":18}}],"line":35},"4":{"loc":{"start":{"line":36,"column":8},"end":{"line":36,"column":39}},"type":"default-arg","locations":[{"start":{"line":36,"column":16},"end":{"line":36,"column":39}}],"line":36}},"s":{"0":1,"1":0,"2":0,"3":0,"4":0,"5":0,"6":0,"7":0,"8":0,"9":0,"10":0,"11":0,"12":0,"13":0,"14":1},"f":{"0":0,"1":0,"2":0,"3":0},"b":{"0":[0,0],"1":[0],"2":[0],"3":[0],"4":[0]},"_coverageSchema":"1a1c01bbd47fc00a2c39e90264f33305004495a9","hash":"7678b4ab6b12e47abd547aed1fe0a6c66a5b6ab3"}
,"C:\\Projects\\New folder\\DAL\\userDAL.js": {"path":"C:\\Projects\\New folder\\DAL\\userDAL.js","statementMap":{"0":{"start":{"line":1,"column":17},"end":{"line":1,"column":43}},"1":{"start":{"line":6,"column":8},"end":{"line":11,"column":9}},"2":{"start":{"line":7,"column":28},"end":{"line":7,"column":51}},"3":{"start":{"line":8,"column":12},"end":{"line":8,"column":27}},"4":{"start":{"line":10,"column":12},"end":{"line":10,"column":24}},"5":{"start":{"line":15,"column":8},"end":{"line":20,"column":9}},"6":{"start":{"line":16,"column":33},"end":{"line":16,"column":62}},"7":{"start":{"line":17,"column":12},"end":{"line":17,"column":32}},"8":{"start":{"line":19,"column":12},"end":{"line":19,"column":24}},"9":{"start":{"line":25,"column":0},"end":{"line":25,"column":25}}},"fnMap":{"0":{"name":"(anonymous_0)","decl":{"start":{"line":5,"column":4},"end":{"line":5,"column":5}},"loc":{"start":{"line":5,"column":35},"end":{"line":12,"column":5}},"line":5},"1":{"name":"(anonymous_1)","decl":{"start":{"line":14,"column":4},"end":{"line":14,"column":5}},"loc":{"start":{"line":14,"column":41},"end":{"line":21,"column":5}},"line":14}},"branchMap":{},"s":{"0":2,"1":0,"2":0,"3":0,"4":0,"5":0,"6":0,"7":0,"8":0,"9":2},"f":{"0":0,"1":0},"b":{},"_coverageSchema":"1a1c01bbd47fc00a2c39e90264f33305004495a9","hash":"d143cd5ac6d2ec96dea8cee0bb2068dc0a0a1872"}
,"C:\\Projects\\New folder\\middleware\\acl.js": {"path":"C:\\Projects\\New folder\\middleware\\acl.js","statementMap":{"0":{"start":{"line":1,"column":14},"end":{"line":1,"column":50}},"1":{"start":{"line":2,"column":19},"end":{"line":2,"column":50}},"2":{"start":{"line":4,"column":0},"end":{"line":53,"column":1}},"3":{"start":{"line":5,"column":23},"end":{"line":38,"column":5}},"4":{"start":{"line":40,"column":17},"end":{"line":40,"column":30}},"5":{"start":{"line":41,"column":20},"end":{"line":43,"column":9}},"6":{"start":{"line":42,"column":26},"end":{"line":42,"column":158}},"7":{"start":{"line":45,"column":4},"end":{"line":52,"column":5}},"8":{"start":{"line":46,"column":8},"end":{"line":46,"column":15}},"9":{"start":{"line":48,"column":32},"end":{"line":48,"column":53}},"10":{"start":{"line":49,"column":8},"end":{"line":49,"column":49}},"11":{"start":{"line":50,"column":8},"end":{"line":50,"column":67}},"12":{"start":{"line":51,"column":8},"end":{"line":51,"column":15}}},"fnMap":{"0":{"name":"(anonymous_0)","decl":{"start":{"line":4,"column":17},"end":{"line":4,"column":18}},"loc":{"start":{"line":4,"column":43},"end":{"line":53,"column":1}},"line":4},"1":{"name":"(anonymous_1)","decl":{"start":{"line":42,"column":12},"end":{"line":42,"column":13}},"loc":{"start":{"line":42,"column":26},"end":{"line":42,"column":158}},"line":42}},"branchMap":{"0":{"loc":{"start":{"line":42,"column":26},"end":{"line":42,"column":158}},"type":"binary-expr","locations":[{"start":{"line":42,"column":26},"end":{"line":42,"column":58}},{"start":{"line":42,"column":63},"end":{"line":42,"column":112}},{"start":{"line":42,"column":116},"end":{"line":42,"column":157}}],"line":42},"1":{"loc":{"start":{"line":45,"column":4},"end":{"line":52,"column":5}},"type":"if","locations":[{"start":{"line":45,"column":4},"end":{"line":52,"column":5}},{"start":{"line":47,"column":11},"end":{"line":52,"column":5}}],"line":45}},"s":{"0":0,"1":0,"2":0,"3":0,"4":0,"5":0,"6":0,"7":0,"8":0,"9":0,"10":0,"11":0,"12":0},"f":{"0":0,"1":0},"b":{"0":[0,0,0],"1":[0,0]}}
,"C:\\Projects\\New folder\\middleware\\activityLogger.js": {"path":"C:\\Projects\\New folder\\middleware\\activityLogger.js","statementMap":{"0":{"start":{"line":1,"column":24},"end":{"line":1,"column":71}},"1":{"start":{"line":9,"column":4},"end":{"line":77,"column":6}},"2":{"start":{"line":10,"column":8},"end":{"line":76,"column":9}},"3":{"start":{"line":12,"column":33},"end":{"line":12,"column":41}},"4":{"start":{"line":15,"column":12},"end":{"line":67,"column":14}},"5":{"start":{"line":17,"column":16},"end":{"line":63,"column":17}},"6":{"start":{"line":19,"column":37},"end":{"line":19,"column":41}},"7":{"start":{"line":22,"column":20},"end":{"line":32,"column":21}},"8":{"start":{"line":23,"column":24},"end":{"line":23,"column":51}},"9":{"start":{"line":26,"column":25},"end":{"line":32,"column":21}},"10":{"start":{"line":27,"column":24},"end":{"line":27,"column":50}},"11":{"start":{"line":30,"column":25},"end":{"line":32,"column":21}},"12":{"start":{"line":31,"column":24},"end":{"line":31,"column":45}},"13":{"start":{"line":35,"column":38},"end":{"line":38,"column":104}},"14":{"start":{"line":40,"column":38},"end":{"line":40,"column":67}},"15":{"start":{"line":43,"column":41},"end":{"line":55,"column":21}},"16":{"start":{"line":58,"column":20},"end":{"line":62,"column":27}},"17":{"start":{"line":61,"column":28},"end":{"line":61,"column":77}},"18":{"start":{"line":66,"column":16},"end":{"line":66,"column":53}},"19":{"start":{"line":70,"column":12},"end":{"line":70,"column":19}},"20":{"start":{"line":74,"column":12},"end":{"line":74,"column":71}},"21":{"start":{"line":75,"column":12},"end":{"line":75,"column":19}},"22":{"start":{"line":83,"column":24},"end":{"line":88,"column":1}},"23":{"start":{"line":84,"column":18},"end":{"line":84,"column":42}},"24":{"start":{"line":85,"column":18},"end":{"line":85,"column":42}},"25":{"start":{"line":86,"column":18},"end":{"line":86,"column":42}},"26":{"start":{"line":87,"column":16},"end":{"line":87,"column":38}},"27":{"start":{"line":90,"column":0},"end":{"line":93,"column":2}}},"fnMap":{"0":{"name":"activityLogger","decl":{"start":{"line":8,"column":9},"end":{"line":8,"column":23}},"loc":{"start":{"line":8,"column":36},"end":{"line":78,"column":1}},"line":8},"1":{"name":"(anonymous_1)","decl":{"start":{"line":9,"column":11},"end":{"line":9,"column":12}},"loc":{"start":{"line":9,"column":42},"end":{"line":77,"column":5}},"line":9},"2":{"name":"(anonymous_2)","decl":{"start":{"line":15,"column":23},"end":{"line":15,"column":24}},"loc":{"start":{"line":15,"column":38},"end":{"line":67,"column":13}},"line":15},"3":{"name":"(anonymous_3)","decl":{"start":{"line":59,"column":31},"end":{"line":59,"column":32}},"loc":{"start":{"line":59,"column":40},"end":{"line":62,"column":25}},"line":59},"4":{"name":"(anonymous_4)","decl":{"start":{"line":84,"column":12},"end":{"line":84,"column":13}},"loc":{"start":{"line":84,"column":18},"end":{"line":84,"column":42}},"line":84},"5":{"name":"(anonymous_5)","decl":{"start":{"line":85,"column":12},"end":{"line":85,"column":13}},"loc":{"start":{"line":85,"column":18},"end":{"line":85,"column":42}},"line":85},"6":{"name":"(anonymous_6)","decl":{"start":{"line":86,"column":12},"end":{"line":86,"column":13}},"loc":{"start":{"line":86,"column":18},"end":{"line":86,"column":42}},"line":86},"7":{"name":"(anonymous_7)","decl":{"start":{"line":87,"column":10},"end":{"line":87,"column":11}},"loc":{"start":{"line":87,"column":16},"end":{"line":87,"column":38}},"line":87}},"branchMap":{"0":{"loc":{"start":{"line":17,"column":16},"end":{"line":63,"column":17}},"type":"if","locations":[{"start":{"line":17,"column":16},"end":{"line":63,"column":17}},{"start":{},"end":{}}],"line":17},"1":{"loc":{"start":{"line":17,"column":20},"end":{"line":17,"column":65}},"type":"binary-expr","locations":[{"start":{"line":17,"column":20},"end":{"line":17,"column":41}},{"start":{"line":17,"column":45},"end":{"line":17,"column":65}}],"line":17},"2":{"loc":{"start":{"line":22,"column":20},"end":{"line":32,"column":21}},"type":"if","locations":[{"start":{"line":22,"column":20},"end":{"line":32,"column":21}},{"start":{"line":26,"column":25},"end":{"line":32,"column":21}}],"line":22},"3":{"loc":{"start":{"line":22,"column":24},"end":{"line":22,"column":51}},"type":"binary-expr","locations":[{"start":{"line":22,"column":24},"end":{"line":22,"column":34}},{"start":{"line":22,"column":38},"end":{"line":22,"column":51}}],"line":22},"4":{"loc":{"start":{"line":26,"column":25},"end":{"line":32,"column":21}},"type":"if","locations":[{"start":{"line":26,"column":25},"end":{"line":32,"column":21}},{"start":{"line":30,"column":25},"end":{"line":32,"column":21}}],"line":26},"5":{"loc":{"start":{"line":26,"column":29},"end":{"line":26,"column":62}},"type":"binary-expr","locations":[{"start":{"line":26,"column":29},"end":{"line":26,"column":33}},{"start":{"line":26,"column":37},"end":{"line":26,"column":46}},{"start":{"line":26,"column":50},"end":{"line":26,"column":62}}],"line":26},"6":{"loc":{"start":{"line":30,"column":25},"end":{"line":32,"column":21}},"type":"if","locations":[{"start":{"line":30,"column":25},"end":{"line":32,"column":21}},{"start":{},"end":{}}],"line":30},"7":{"loc":{"start":{"line":30,"column":29},"end":{"line":30,"column":44}},"type":"binary-expr","locations":[{"start":{"line":30,"column":29},"end":{"line":30,"column":33}},{"start":{"line":30,"column":37},"end":{"line":30,"column":44}}],"line":30},"8":{"loc":{"start":{"line":35,"column":38},"end":{"line":38,"column":104}},"type":"binary-expr","locations":[{"start":{"line":35,"column":38},"end":{"line":35,"column":44}},{"start":{"line":36,"column":36},"end":{"line":36,"column":64}},{"start":{"line":37,"column":36},"end":{"line":37,"column":60}},{"start":{"line":38,"column":37},"end":{"line":38,"column":103}}],"line":35},"9":{"loc":{"start":{"line":38,"column":37},"end":{"line":38,"column":103}},"type":"cond-expr","locations":[{"start":{"line":38,"column":61},"end":{"line":38,"column":96}},{"start":{"line":38,"column":99},"end":{"line":38,"column":103}}],"line":38},"10":{"loc":{"start":{"line":40,"column":38},"end":{"line":40,"column":67}},"type":"binary-expr","locations":[{"start":{"line":40,"column":38},"end":{"line":40,"column":59}},{"start":{"line":40,"column":63},"end":{"line":40,"column":67}}],"line":40},"11":{"loc":{"start":{"line":50,"column":41},"end":{"line":50,"column":109}},"type":"cond-expr","locations":[{"start":{"line":50,"column":94},"end":{"line":50,"column":102}},{"start":{"line":50,"column":105},"end":{"line":50,"column":109}}],"line":50},"12":{"loc":{"start":{"line":50,"column":41},"end":{"line":50,"column":91}},"type":"binary-expr","locations":[{"start":{"line":50,"column":41},"end":{"line":50,"column":64}},{"start":{"line":50,"column":68},"end":{"line":50,"column":91}}],"line":50}},"s":{"0":1,"1":14,"2":14,"3":14,"4":14,"5":13,"6":12,"7":12,"8":1,"9":11,"10":1,"11":10,"12":5,"13":12,"14":12,"15":12,"16":12,"17":1,"18":13,"19":14,"20":0,"21":0,"22":1,"23":1,"24":1,"25":1,"26":1,"27":1},"f":{"0":14,"1":14,"2":13,"3":1,"4":1,"5":1,"6":1,"7":1},"b":{"0":[12,1],"1":[13,13],"2":[1,11],"3":[12,12],"4":[1,10],"5":[11,11,3],"6":[5,5],"7":[10,10],"8":[12,1,1,1],"9":[0,1],"10":[12,1],"11":[9,3],"12":[12,6]},"_coverageSchema":"1a1c01bbd47fc00a2c39e90264f33305004495a9","hash":"ef3e658c4d23d85c05bbcaf4b558f8326e2ce43d"}
,"C:\\Projects\\New folder\\middleware\\auth.js": {"path":"C:\\Projects\\New folder\\middleware\\auth.js","statementMap":{"0":{"start":{"line":1,"column":16},"end":{"line":1,"column":41}},"1":{"start":{"line":2,"column":12},"end":{"line":2,"column":35}},"2":{"start":{"line":4,"column":0},"end":{"line":102,"column":1}},"3":{"start":{"line":5,"column":4},"end":{"line":101,"column":5}},"4":{"start":{"line":7,"column":25},"end":{"line":7,"column":50}},"5":{"start":{"line":9,"column":6},"end":{"line":16,"column":7}},"6":{"start":{"line":10,"column":8},"end":{"line":15,"column":11}},"7":{"start":{"line":19,"column":25},"end":{"line":19,"column":46}},"8":{"start":{"line":20,"column":6},"end":{"line":27,"column":7}},"9":{"start":{"line":21,"column":8},"end":{"line":26,"column":11}},"10":{"start":{"line":29,"column":20},"end":{"line":29,"column":33}},"11":{"start":{"line":33,"column":6},"end":{"line":50,"column":7}},"12":{"start":{"line":34,"column":8},"end":{"line":34,"column":60}},"13":{"start":{"line":36,"column":22},"end":{"line":36,"column":37}},"14":{"start":{"line":38,"column":8},"end":{"line":42,"column":9}},"15":{"start":{"line":39,"column":10},"end":{"line":39,"column":40}},"16":{"start":{"line":40,"column":15},"end":{"line":42,"column":9}},"17":{"start":{"line":41,"column":10},"end":{"line":41,"column":43}},"18":{"start":{"line":44,"column":8},"end":{"line":49,"column":11}},"19":{"start":{"line":53,"column":6},"end":{"line":60,"column":7}},"20":{"start":{"line":54,"column":8},"end":{"line":59,"column":11}},"21":{"start":{"line":63,"column":19},"end":{"line":63,"column":66}},"22":{"start":{"line":64,"column":6},"end":{"line":71,"column":7}},"23":{"start":{"line":65,"column":8},"end":{"line":70,"column":11}},"24":{"start":{"line":74,"column":6},"end":{"line":81,"column":7}},"25":{"start":{"line":75,"column":8},"end":{"line":80,"column":11}},"26":{"start":{"line":84,"column":6},"end":{"line":89,"column":8}},"27":{"start":{"line":92,"column":6},"end":{"line":92,"column":13}},"28":{"start":{"line":94,"column":8},"end":{"line":94,"column":65}},"29":{"start":{"line":95,"column":8},"end":{"line":100,"column":11}}},"fnMap":{"0":{"name":"(anonymous_0)","decl":{"start":{"line":4,"column":17},"end":{"line":4,"column":18}},"loc":{"start":{"line":4,"column":45},"end":{"line":102,"column":1}},"line":4}},"branchMap":{"0":{"loc":{"start":{"line":9,"column":6},"end":{"line":16,"column":7}},"type":"if","locations":[{"start":{"line":9,"column":6},"end":{"line":16,"column":7}},{"start":{},"end":{}}],"line":9},"1":{"loc":{"start":{"line":20,"column":6},"end":{"line":27,"column":7}},"type":"if","locations":[{"start":{"line":20,"column":6},"end":{"line":27,"column":7}},{"start":{},"end":{}}],"line":20},"2":{"loc":{"start":{"line":20,"column":10},"end":{"line":20,"column":63}},"type":"binary-expr","locations":[{"start":{"line":20,"column":10},"end":{"line":20,"column":33}},{"start":{"line":20,"column":37},"end":{"line":20,"column":63}}],"line":20},"3":{"loc":{"start":{"line":38,"column":8},"end":{"line":42,"column":9}},"type":"if","locations":[{"start":{"line":38,"column":8},"end":{"line":42,"column":9}},{"start":{"line":40,"column":15},"end":{"line":42,"column":9}}],"line":38},"4":{"loc":{"start":{"line":40,"column":15},"end":{"line":42,"column":9}},"type":"if","locations":[{"start":{"line":40,"column":15},"end":{"line":42,"column":9}},{"start":{},"end":{}}],"line":40},"5":{"loc":{"start":{"line":53,"column":6},"end":{"line":60,"column":7}},"type":"if","locations":[{"start":{"line":53,"column":6},"end":{"line":60,"column":7}},{"start":{},"end":{}}],"line":53},"6":{"loc":{"start":{"line":53,"column":10},"end":{"line":53,"column":39}},"type":"binary-expr","locations":[{"start":{"line":53,"column":10},"end":{"line":53,"column":21}},{"start":{"line":53,"column":25},"end":{"line":53,"column":39}}],"line":53},"7":{"loc":{"start":{"line":64,"column":6},"end":{"line":71,"column":7}},"type":"if","locations":[{"start":{"line":64,"column":6},"end":{"line":71,"column":7}},{"start":{},"end":{}}],"line":64},"8":{"loc":{"start":{"line":74,"column":6},"end":{"line":81,"column":7}},"type":"if","locations":[{"start":{"line":74,"column":6},"end":{"line":81,"column":7}},{"start":{},"end":{}}],"line":74}},"s":{"0":0,"1":0,"2":0,"3":0,"4":0,"5":0,"6":0,"7":0,"8":0,"9":0,"10":0,"11":0,"12":0,"13":0,"14":0,"15":0,"16":0,"17":0,"18":0,"19":0,"20":0,"21":0,"22":0,"23":0,"24":0,"25":0,"26":0,"27":0,"28":0,"29":0},"f":{"0":0},"b":{"0":[0,0],"1":[0,0],"2":[0,0],"3":[0,0],"4":[0,0],"5":[0,0],"6":[0,0],"7":[0,0],"8":[0,0]}}
,"C:\\Projects\\New folder\\services\\activity\\activity.swagger.js": {"path":"C:\\Projects\\New folder\\services\\activity\\activity.swagger.js","statementMap":{},"fnMap":{},"branchMap":{},"s":{},"f":{},"b":{}}
,"C:\\Projects\\New folder\\services\\activity\\activityController.js": {"path":"C:\\Projects\\New folder\\services\\activity\\activityController.js","statementMap":{"0":{"start":{"line":1,"column":24},"end":{"line":1,"column":52}},"1":{"start":{"line":2,"column":14},"end":{"line":2,"column":53}},"2":{"start":{"line":3,"column":12},"end":{"line":3,"column":26}},"3":{"start":{"line":6,"column":28},"end":{"line":14,"column":2}},"4":{"start":{"line":24,"column":8},"end":{"line":65,"column":9}},"5":{"start":{"line":26,"column":37},"end":{"line":30,"column":14}},"6":{"start":{"line":32,"column":12},"end":{"line":39,"column":13}},"7":{"start":{"line":33,"column":40},"end":{"line":37,"column":17}},"8":{"start":{"line":35,"column":73},"end":{"line":35,"column":82}},"9":{"start":{"line":38,"column":16},"end":{"line":38,"column":74}},"10":{"start":{"line":42,"column":12},"end":{"line":49,"column":13}},"11":{"start":{"line":43,"column":34},"end":{"line":47,"column":17}},"12":{"start":{"line":48,"column":16},"end":{"line":48,"column":68}},"13":{"start":{"line":52,"column":27},"end":{"line":52,"column":71}},"14":{"start":{"line":55,"column":33},"end":{"line":58,"column":13}},"15":{"start":{"line":60,"column":12},"end":{"line":60,"column":96}},"16":{"start":{"line":63,"column":12},"end":{"line":63,"column":76}},"17":{"start":{"line":64,"column":12},"end":{"line":64,"column":53}},"18":{"start":{"line":74,"column":8},"end":{"line":115,"column":9}},"19":{"start":{"line":75,"column":31},"end":{"line":75,"column":41}},"20":{"start":{"line":78,"column":12},"end":{"line":85,"column":13}},"21":{"start":{"line":79,"column":40},"end":{"line":83,"column":17}},"22":{"start":{"line":84,"column":16},"end":{"line":84,"column":74}},"23":{"start":{"line":88,"column":37},"end":{"line":91,"column":14}},"24":{"start":{"line":93,"column":37},"end":{"line":93,"column":73}},"25":{"start":{"line":94,"column":12},"end":{"line":101,"column":13}},"26":{"start":{"line":95,"column":40},"end":{"line":99,"column":17}},"27":{"start":{"line":97,"column":73},"end":{"line":97,"column":82}},"28":{"start":{"line":100,"column":16},"end":{"line":100,"column":74}},"29":{"start":{"line":103,"column":27},"end":{"line":103,"column":81}},"30":{"start":{"line":105,"column":33},"end":{"line":108,"column":13}},"31":{"start":{"line":110,"column":12},"end":{"line":110,"column":98}},"32":{"start":{"line":113,"column":12},"end":{"line":113,"column":78}},"33":{"start":{"line":114,"column":12},"end":{"line":114,"column":53}},"34":{"start":{"line":124,"column":8},"end":{"line":165,"column":9}},"35":{"start":{"line":125,"column":35},"end":{"line":125,"column":45}},"36":{"start":{"line":128,"column":12},"end":{"line":135,"column":13}},"37":{"start":{"line":129,"column":40},"end":{"line":133,"column":17}},"38":{"start":{"line":134,"column":16},"end":{"line":134,"column":74}},"39":{"start":{"line":138,"column":37},"end":{"line":141,"column":14}},"40":{"start":{"line":143,"column":37},"end":{"line":143,"column":73}},"41":{"start":{"line":144,"column":12},"end":{"line":151,"column":13}},"42":{"start":{"line":145,"column":40},"end":{"line":149,"column":17}},"43":{"start":{"line":147,"column":73},"end":{"line":147,"column":82}},"44":{"start":{"line":150,"column":16},"end":{"line":150,"column":74}},"45":{"start":{"line":153,"column":27},"end":{"line":153,"column":89}},"46":{"start":{"line":155,"column":33},"end":{"line":158,"column":13}},"47":{"start":{"line":160,"column":12},"end":{"line":160,"column":102}},"48":{"start":{"line":163,"column":12},"end":{"line":163,"column":82}},"49":{"start":{"line":164,"column":12},"end":{"line":164,"column":53}},"50":{"start":{"line":169,"column":0},"end":{"line":169,"column":36}}},"fnMap":{"0":{"name":"(anonymous_0)","decl":{"start":{"line":23,"column":4},"end":{"line":23,"column":5}},"loc":{"start":{"line":23,"column":43},"end":{"line":66,"column":5}},"line":23},"1":{"name":"(anonymous_1)","decl":{"start":{"line":35,"column":68},"end":{"line":35,"column":69}},"loc":{"start":{"line":35,"column":73},"end":{"line":35,"column":82}},"line":35},"2":{"name":"(anonymous_2)","decl":{"start":{"line":73,"column":4},"end":{"line":73,"column":5}},"loc":{"start":{"line":73,"column":45},"end":{"line":116,"column":5}},"line":73},"3":{"name":"(anonymous_3)","decl":{"start":{"line":97,"column":68},"end":{"line":97,"column":69}},"loc":{"start":{"line":97,"column":73},"end":{"line":97,"column":82}},"line":97},"4":{"name":"(anonymous_4)","decl":{"start":{"line":123,"column":4},"end":{"line":123,"column":5}},"loc":{"start":{"line":123,"column":49},"end":{"line":166,"column":5}},"line":123},"5":{"name":"(anonymous_5)","decl":{"start":{"line":147,"column":68},"end":{"line":147,"column":69}},"loc":{"start":{"line":147,"column":73},"end":{"line":147,"column":82}},"line":147}},"branchMap":{"0":{"loc":{"start":{"line":32,"column":12},"end":{"line":39,"column":13}},"type":"if","locations":[{"start":{"line":32,"column":12},"end":{"line":39,"column":13}},{"start":{},"end":{}}],"line":32},"1":{"loc":{"start":{"line":42,"column":12},"end":{"line":49,"column":13}},"type":"if","locations":[{"start":{"line":42,"column":12},"end":{"line":49,"column":13}},{"start":{},"end":{}}],"line":42},"2":{"loc":{"start":{"line":42,"column":16},"end":{"line":42,"column":83}},"type":"binary-expr","locations":[{"start":{"line":42,"column":16},"end":{"line":42,"column":31}},{"start":{"line":42,"column":35},"end":{"line":42,"column":48}},{"start":{"line":42,"column":52},"end":{"line":42,"column":83}}],"line":42},"3":{"loc":{"start":{"line":78,"column":12},"end":{"line":85,"column":13}},"type":"if","locations":[{"start":{"line":78,"column":12},"end":{"line":85,"column":13}},{"start":{},"end":{}}],"line":78},"4":{"loc":{"start":{"line":94,"column":12},"end":{"line":101,"column":13}},"type":"if","locations":[{"start":{"line":94,"column":12},"end":{"line":101,"column":13}},{"start":{},"end":{}}],"line":94},"5":{"loc":{"start":{"line":128,"column":12},"end":{"line":135,"column":13}},"type":"if","locations":[{"start":{"line":128,"column":12},"end":{"line":135,"column":13}},{"start":{},"end":{}}],"line":128},"6":{"loc":{"start":{"line":144,"column":12},"end":{"line":151,"column":13}},"type":"if","locations":[{"start":{"line":144,"column":12},"end":{"line":151,"column":13}},{"start":{},"end":{}}],"line":144}},"s":{"0":1,"1":1,"2":1,"3":1,"4":4,"5":4,"6":4,"7":0,"8":0,"9":0,"10":4,"11":0,"12":0,"13":4,"14":3,"15":3,"16":1,"17":1,"18":0,"19":0,"20":0,"21":0,"22":0,"23":0,"24":0,"25":0,"26":0,"27":0,"28":0,"29":0,"30":0,"31":0,"32":0,"33":0,"34":0,"35":0,"36":0,"37":0,"38":0,"39":0,"40":0,"41":0,"42":0,"43":0,"44":0,"45":0,"46":0,"47":0,"48":0,"49":0,"50":1},"f":{"0":4,"1":0,"2":0,"3":0,"4":0,"5":0},"b":{"0":[0,4],"1":[0,4],"2":[4,1,1],"3":[0,0],"4":[0,0],"5":[0,0],"6":[0,0]},"_coverageSchema":"1a1c01bbd47fc00a2c39e90264f33305004495a9","hash":"a764df484b51cf0e963fb6f35dda75c97b594077"}
,"C:\\Projects\\New folder\\services\\activity\\activityService.js": {"path":"C:\\Projects\\New folder\\services\\activity\\activityService.js","statementMap":{"0":{"start":{"line":1,"column":20},"end":{"line":1,"column":52}},"1":{"start":{"line":2,"column":15},"end":{"line":2,"column":35}},"2":{"start":{"line":3,"column":12},"end":{"line":3,"column":26}},"3":{"start":{"line":6,"column":26},"end":{"line":13,"column":2}},"4":{"start":{"line":15,"column":30},"end":{"line":23,"column":2}},"5":{"start":{"line":39,"column":8},"end":{"line":58,"column":9}},"6":{"start":{"line":41,"column":37},"end":{"line":41,"column":100}},"7":{"start":{"line":43,"column":12},"end":{"line":49,"column":13}},"8":{"start":{"line":44,"column":16},"end":{"line":48,"column":18}},"9":{"start":{"line":46,"column":52},"end":{"line":46,"column":61}},"10":{"start":{"line":52,"column":29},"end":{"line":52,"column":68}},"11":{"start":{"line":53,"column":12},"end":{"line":53,"column":28}},"12":{"start":{"line":56,"column":12},"end":{"line":56,"column":69}},"13":{"start":{"line":57,"column":12},"end":{"line":57,"column":24}},"14":{"start":{"line":74,"column":8},"end":{"line":139,"column":9}},"15":{"start":{"line":76,"column":37},"end":{"line":76,"column":99}},"16":{"start":{"line":78,"column":12},"end":{"line":84,"column":13}},"17":{"start":{"line":79,"column":16},"end":{"line":83,"column":18}},"18":{"start":{"line":81,"column":52},"end":{"line":81,"column":61}},"19":{"start":{"line":86,"column":91},"end":{"line":86,"column":96}},"20":{"start":{"line":89,"column":26},"end":{"line":89,"column":28}},"21":{"start":{"line":91,"column":12},"end":{"line":93,"column":13}},"22":{"start":{"line":92,"column":16},"end":{"line":92,"column":38}},"23":{"start":{"line":95,"column":12},"end":{"line":97,"column":13}},"24":{"start":{"line":96,"column":16},"end":{"line":96,"column":46}},"25":{"start":{"line":99,"column":12},"end":{"line":101,"column":13}},"26":{"start":{"line":100,"column":16},"end":{"line":100,"column":46}},"27":{"start":{"line":104,"column":12},"end":{"line":112,"column":13}},"28":{"start":{"line":105,"column":16},"end":{"line":105,"column":37}},"29":{"start":{"line":106,"column":16},"end":{"line":108,"column":17}},"30":{"start":{"line":107,"column":20},"end":{"line":107,"column":56}},"31":{"start":{"line":109,"column":16},"end":{"line":111,"column":17}},"32":{"start":{"line":110,"column":20},"end":{"line":110,"column":54}},"33":{"start":{"line":115,"column":26},"end":{"line":115,"column":34}},"34":{"start":{"line":116,"column":27},"end":{"line":116,"column":48}},"35":{"start":{"line":119,"column":36},"end":{"line":124,"column":14}},"36":{"start":{"line":126,"column":12},"end":{"line":134,"column":14}},"37":{"start":{"line":137,"column":12},"end":{"line":137,"column":73}},"38":{"start":{"line":138,"column":12},"end":{"line":138,"column":24}},"39":{"start":{"line":151,"column":8},"end":{"line":184,"column":9}},"40":{"start":{"line":153,"column":12},"end":{"line":159,"column":13}},"41":{"start":{"line":154,"column":16},"end":{"line":158,"column":18}},"42":{"start":{"line":161,"column":48},"end":{"line":161,"column":58}},"43":{"start":{"line":162,"column":26},"end":{"line":162,"column":44}},"44":{"start":{"line":163,"column":27},"end":{"line":163,"column":55}},"45":{"start":{"line":165,"column":36},"end":{"line":169,"column":14}},"46":{"start":{"line":171,"column":12},"end":{"line":179,"column":14}},"47":{"start":{"line":182,"column":12},"end":{"line":182,"column":75}},"48":{"start":{"line":183,"column":12},"end":{"line":183,"column":24}},"49":{"start":{"line":196,"column":8},"end":{"line":229,"column":9}},"50":{"start":{"line":198,"column":12},"end":{"line":204,"column":13}},"51":{"start":{"line":199,"column":16},"end":{"line":203,"column":18}},"52":{"start":{"line":206,"column":48},"end":{"line":206,"column":58}},"53":{"start":{"line":207,"column":26},"end":{"line":207,"column":44}},"54":{"start":{"line":208,"column":27},"end":{"line":208,"column":55}},"55":{"start":{"line":210,"column":36},"end":{"line":214,"column":14}},"56":{"start":{"line":216,"column":12},"end":{"line":224,"column":14}},"57":{"start":{"line":227,"column":12},"end":{"line":227,"column":79}},"58":{"start":{"line":228,"column":12},"end":{"line":228,"column":24}},"59":{"start":{"line":233,"column":0},"end":{"line":233,"column":33}}},"fnMap":{"0":{"name":"(anonymous_0)","decl":{"start":{"line":38,"column":4},"end":{"line":38,"column":5}},"loc":{"start":{"line":38,"column":43},"end":{"line":59,"column":5}},"line":38},"1":{"name":"(anonymous_1)","decl":{"start":{"line":46,"column":47},"end":{"line":46,"column":48}},"loc":{"start":{"line":46,"column":52},"end":{"line":46,"column":61}},"line":46},"2":{"name":"(anonymous_2)","decl":{"start":{"line":73,"column":4},"end":{"line":73,"column":5}},"loc":{"start":{"line":73,"column":47},"end":{"line":140,"column":5}},"line":73},"3":{"name":"(anonymous_3)","decl":{"start":{"line":81,"column":47},"end":{"line":81,"column":48}},"loc":{"start":{"line":81,"column":52},"end":{"line":81,"column":61}},"line":81},"4":{"name":"(anonymous_4)","decl":{"start":{"line":150,"column":4},"end":{"line":150,"column":5}},"loc":{"start":{"line":150,"column":60},"end":{"line":185,"column":5}},"line":150},"5":{"name":"(anonymous_5)","decl":{"start":{"line":195,"column":4},"end":{"line":195,"column":5}},"loc":{"start":{"line":195,"column":68},"end":{"line":230,"column":5}},"line":195}},"branchMap":{"0":{"loc":{"start":{"line":43,"column":12},"end":{"line":49,"column":13}},"type":"if","locations":[{"start":{"line":43,"column":12},"end":{"line":49,"column":13}},{"start":{},"end":{}}],"line":43},"1":{"loc":{"start":{"line":73,"column":33},"end":{"line":73,"column":45}},"type":"default-arg","locations":[{"start":{"line":73,"column":43},"end":{"line":73,"column":45}}],"line":73},"2":{"loc":{"start":{"line":78,"column":12},"end":{"line":84,"column":13}},"type":"if","locations":[{"start":{"line":78,"column":12},"end":{"line":84,"column":13}},{"start":{},"end":{}}],"line":78},"3":{"loc":{"start":{"line":91,"column":12},"end":{"line":93,"column":13}},"type":"if","locations":[{"start":{"line":91,"column":12},"end":{"line":93,"column":13}},{"start":{},"end":{}}],"line":91},"4":{"loc":{"start":{"line":95,"column":12},"end":{"line":97,"column":13}},"type":"if","locations":[{"start":{"line":95,"column":12},"end":{"line":97,"column":13}},{"start":{},"end":{}}],"line":95},"5":{"loc":{"start":{"line":99,"column":12},"end":{"line":101,"column":13}},"type":"if","locations":[{"start":{"line":99,"column":12},"end":{"line":101,"column":13}},{"start":{},"end":{}}],"line":99},"6":{"loc":{"start":{"line":104,"column":12},"end":{"line":112,"column":13}},"type":"if","locations":[{"start":{"line":104,"column":12},"end":{"line":112,"column":13}},{"start":{},"end":{}}],"line":104},"7":{"loc":{"start":{"line":104,"column":16},"end":{"line":104,"column":36}},"type":"binary-expr","locations":[{"start":{"line":104,"column":16},"end":{"line":104,"column":25}},{"start":{"line":104,"column":29},"end":{"line":104,"column":36}}],"line":104},"8":{"loc":{"start":{"line":106,"column":16},"end":{"line":108,"column":17}},"type":"if","locations":[{"start":{"line":106,"column":16},"end":{"line":108,"column":17}},{"start":{},"end":{}}],"line":106},"9":{"loc":{"start":{"line":109,"column":16},"end":{"line":111,"column":17}},"type":"if","locations":[{"start":{"line":109,"column":16},"end":{"line":111,"column":17}},{"start":{},"end":{}}],"line":109},"10":{"loc":{"start":{"line":150,"column":43},"end":{"line":150,"column":58}},"type":"default-arg","locations":[{"start":{"line":150,"column":56},"end":{"line":150,"column":58}}],"line":150},"11":{"loc":{"start":{"line":153,"column":12},"end":{"line":159,"column":13}},"type":"if","locations":[{"start":{"line":153,"column":12},"end":{"line":159,"column":13}},{"start":{},"end":{}}],"line":153},"12":{"loc":{"start":{"line":161,"column":20},"end":{"line":161,"column":28}},"type":"default-arg","locations":[{"start":{"line":161,"column":27},"end":{"line":161,"column":28}}],"line":161},"13":{"loc":{"start":{"line":161,"column":30},"end":{"line":161,"column":43}},"type":"default-arg","locations":[{"start":{"line":161,"column":41},"end":{"line":161,"column":43}}],"line":161},"14":{"loc":{"start":{"line":195,"column":51},"end":{"line":195,"column":66}},"type":"default-arg","locations":[{"start":{"line":195,"column":64},"end":{"line":195,"column":66}}],"line":195},"15":{"loc":{"start":{"line":198,"column":12},"end":{"line":204,"column":13}},"type":"if","locations":[{"start":{"line":198,"column":12},"end":{"line":204,"column":13}},{"start":{},"end":{}}],"line":198},"16":{"loc":{"start":{"line":206,"column":20},"end":{"line":206,"column":28}},"type":"default-arg","locations":[{"start":{"line":206,"column":27},"end":{"line":206,"column":28}}],"line":206},"17":{"loc":{"start":{"line":206,"column":30},"end":{"line":206,"column":43}},"type":"default-arg","locations":[{"start":{"line":206,"column":41},"end":{"line":206,"column":43}}],"line":206}},"s":{"0":4,"1":4,"2":4,"3":4,"4":4,"5":5,"6":5,"7":5,"8":3,"9":3,"10":2,"11":2,"12":3,"13":3,"14":4,"15":4,"16":4,"17":1,"18":3,"19":3,"20":3,"21":3,"22":1,"23":3,"24":1,"25":3,"26":1,"27":3,"28":2,"29":2,"30":2,"31":2,"32":1,"33":3,"34":3,"35":3,"36":3,"37":1,"38":1,"39":3,"40":3,"41":1,"42":2,"43":2,"44":2,"45":2,"46":2,"47":1,"48":1,"49":2,"50":2,"51":1,"52":1,"53":1,"54":1,"55":1,"56":1,"57":1,"58":1,"59":4},"f":{"0":5,"1":3,"2":4,"3":3,"4":3,"5":2},"b":{"0":[3,2],"1":[1],"2":[1,3],"3":[1,2],"4":[1,2],"5":[1,2],"6":[2,1],"7":[3,1],"8":[2,0],"9":[1,1],"10":[2],"11":[1,2],"12":[1],"13":[1],"14":[2],"15":[1,1],"16":[1],"17":[1]},"_coverageSchema":"1a1c01bbd47fc00a2c39e90264f33305004495a9","hash":"66ce888504495ddc4377f8925d21eb19bcdc4c89"}
,"C:\\Projects\\New folder\\services\\auth\\auth.swagger.js": {"path":"C:\\Projects\\New folder\\services\\auth\\auth.swagger.js","statementMap":{},"fnMap":{},"branchMap":{},"s":{},"f":{},"b":{}}
,"C:\\Projects\\New folder\\services\\auth\\authController.js": {"path":"C:\\Projects\\New folder\\services\\auth\\authController.js","statementMap":{"0":{"start":{"line":1,"column":20},"end":{"line":1,"column":44}},"1":{"start":{"line":2,"column":14},"end":{"line":2,"column":53}},"2":{"start":{"line":7,"column":8},"end":{"line":12,"column":9}},"3":{"start":{"line":8,"column":27},"end":{"line":8,"column":58}},"4":{"start":{"line":9,"column":12},"end":{"line":9,"column":79}},"5":{"start":{"line":11,"column":12},"end":{"line":11,"column":53}},"6":{"start":{"line":16,"column":8},"end":{"line":21,"column":9}},"7":{"start":{"line":17,"column":27},"end":{"line":17,"column":55}},"8":{"start":{"line":18,"column":12},"end":{"line":18,"column":81}},"9":{"start":{"line":20,"column":12},"end":{"line":20,"column":53}},"10":{"start":{"line":26,"column":0},"end":{"line":26,"column":32}}},"fnMap":{"0":{"name":"(anonymous_0)","decl":{"start":{"line":6,"column":4},"end":{"line":6,"column":5}},"loc":{"start":{"line":6,"column":37},"end":{"line":13,"column":5}},"line":6},"1":{"name":"(anonymous_1)","decl":{"start":{"line":15,"column":4},"end":{"line":15,"column":5}},"loc":{"start":{"line":15,"column":34},"end":{"line":22,"column":5}},"line":15}},"branchMap":{},"s":{"0":1,"1":1,"2":2,"3":2,"4":1,"5":1,"6":2,"7":2,"8":1,"9":1,"10":1},"f":{"0":2,"1":2},"b":{},"_coverageSchema":"1a1c01bbd47fc00a2c39e90264f33305004495a9","hash":"49c0b3c4c10734b7a594bfce98e4f7826800f8d9"}
,"C:\\Projects\\New folder\\services\\auth\\authService.js": {"path":"C:\\Projects\\New folder\\services\\auth\\authService.js","statementMap":{"0":{"start":{"line":1,"column":16},"end":{"line":1,"column":44}},"1":{"start":{"line":2,"column":15},"end":{"line":2,"column":32}},"2":{"start":{"line":3,"column":12},"end":{"line":3,"column":35}},"3":{"start":{"line":4,"column":12},"end":{"line":4,"column":26}},"4":{"start":{"line":7,"column":19},"end":{"line":12,"column":2}},"5":{"start":{"line":16,"column":8},"end":{"line":55,"column":9}},"6":{"start":{"line":17,"column":37},"end":{"line":17,"column":89}},"7":{"start":{"line":19,"column":12},"end":{"line":25,"column":13}},"8":{"start":{"line":20,"column":16},"end":{"line":24,"column":18}},"9":{"start":{"line":22,"column":52},"end":{"line":22,"column":61}},"10":{"start":{"line":27,"column":52},"end":{"line":27,"column":57}},"11":{"start":{"line":29,"column":25},"end":{"line":29,"column":65}},"12":{"start":{"line":31,"column":12},"end":{"line":33,"column":13}},"13":{"start":{"line":32,"column":16},"end":{"line":32,"column":90}},"14":{"start":{"line":36,"column":33},"end":{"line":36,"column":64}},"15":{"start":{"line":38,"column":29},"end":{"line":43,"column":13}},"16":{"start":{"line":45,"column":28},"end":{"line":45,"column":62}},"17":{"start":{"line":48,"column":64},"end":{"line":48,"column":80}},"18":{"start":{"line":50,"column":12},"end":{"line":50,"column":39}},"19":{"start":{"line":53,"column":12},"end":{"line":53,"column":31}},"20":{"start":{"line":54,"column":12},"end":{"line":54,"column":24}},"21":{"start":{"line":59,"column":8},"end":{"line":116,"column":9}},"22":{"start":{"line":60,"column":40},"end":{"line":60,"column":48}},"23":{"start":{"line":63,"column":12},"end":{"line":68,"column":13}},"24":{"start":{"line":64,"column":16},"end":{"line":67,"column":18}},"25":{"start":{"line":71,"column":25},"end":{"line":71,"column":63}},"26":{"start":{"line":75,"column":12},"end":{"line":80,"column":13}},"27":{"start":{"line":76,"column":16},"end":{"line":79,"column":18}},"28":{"start":{"line":83,"column":36},"end":{"line":83,"column":85}},"29":{"start":{"line":85,"column":12},"end":{"line":90,"column":13}},"30":{"start":{"line":86,"column":16},"end":{"line":89,"column":18}},"31":{"start":{"line":93,"column":26},"end":{"line":104,"column":13}},"32":{"start":{"line":107,"column":64},"end":{"line":107,"column":77}},"33":{"start":{"line":109,"column":12},"end":{"line":112,"column":14}},"34":{"start":{"line":114,"column":12},"end":{"line":114,"column":31}},"35":{"start":{"line":115,"column":12},"end":{"line":115,"column":24}},"36":{"start":{"line":121,"column":0},"end":{"line":121,"column":29}}},"fnMap":{"0":{"name":"(anonymous_0)","decl":{"start":{"line":15,"column":4},"end":{"line":15,"column":5}},"loc":{"start":{"line":15,"column":32},"end":{"line":56,"column":5}},"line":15},"1":{"name":"(anonymous_1)","decl":{"start":{"line":22,"column":47},"end":{"line":22,"column":48}},"loc":{"start":{"line":22,"column":52},"end":{"line":22,"column":61}},"line":22},"2":{"name":"(anonymous_2)","decl":{"start":{"line":58,"column":4},"end":{"line":58,"column":5}},"loc":{"start":{"line":58,"column":29},"end":{"line":117,"column":5}},"line":58}},"branchMap":{"0":{"loc":{"start":{"line":19,"column":12},"end":{"line":25,"column":13}},"type":"if","locations":[{"start":{"line":19,"column":12},"end":{"line":25,"column":13}},{"start":{},"end":{}}],"line":19},"1":{"loc":{"start":{"line":31,"column":12},"end":{"line":33,"column":13}},"type":"if","locations":[{"start":{"line":31,"column":12},"end":{"line":33,"column":13}},{"start":{},"end":{}}],"line":31},"2":{"loc":{"start":{"line":63,"column":12},"end":{"line":68,"column":13}},"type":"if","locations":[{"start":{"line":63,"column":12},"end":{"line":68,"column":13}},{"start":{},"end":{}}],"line":63},"3":{"loc":{"start":{"line":63,"column":16},"end":{"line":63,"column":35}},"type":"binary-expr","locations":[{"start":{"line":63,"column":16},"end":{"line":63,"column":22}},{"start":{"line":63,"column":26},"end":{"line":63,"column":35}}],"line":63},"4":{"loc":{"start":{"line":75,"column":12},"end":{"line":80,"column":13}},"type":"if","locations":[{"start":{"line":75,"column":12},"end":{"line":80,"column":13}},{"start":{},"end":{}}],"line":75},"5":{"loc":{"start":{"line":85,"column":12},"end":{"line":90,"column":13}},"type":"if","locations":[{"start":{"line":85,"column":12},"end":{"line":90,"column":13}},{"start":{},"end":{}}],"line":85}},"s":{"0":2,"1":2,"2":2,"3":2,"4":2,"5":4,"6":4,"7":4,"8":2,"9":7,"10":2,"11":2,"12":2,"13":1,"14":1,"15":1,"16":1,"17":1,"18":1,"19":3,"20":3,"21":4,"22":4,"23":4,"24":1,"25":3,"26":3,"27":1,"28":2,"29":2,"30":1,"31":1,"32":1,"33":1,"34":3,"35":3,"36":2},"f":{"0":4,"1":7,"2":4},"b":{"0":[2,2],"1":[1,1],"2":[1,3],"3":[4,4],"4":[1,2],"5":[1,1]},"_coverageSchema":"1a1c01bbd47fc00a2c39e90264f33305004495a9","hash":"7263a64076f80d1f3dff6b1528c9a362f967ca1b"}
,"C:\\Projects\\New folder\\services\\resource\\resource.swagger.js": {"path":"C:\\Projects\\New folder\\services\\resource\\resource.swagger.js","statementMap":{},"fnMap":{},"branchMap":{},"s":{},"f":{},"b":{}}
,"C:\\Projects\\New folder\\services\\resource\\resourceController.js": {"path":"C:\\Projects\\New folder\\services\\resource\\resourceController.js","statementMap":{"0":{"start":{"line":1,"column":14},"end":{"line":1,"column":53}},"1":{"start":{"line":2,"column":24},"end":{"line":2,"column":74}},"2":{"start":{"line":7,"column":8},"end":{"line":13,"column":9}},"3":{"start":{"line":8,"column":27},"end":{"line":8,"column":65}},"4":{"start":{"line":9,"column":12},"end":{"line":9,"column":83}},"5":{"start":{"line":12,"column":12},"end":{"line":12,"column":53}},"6":{"start":{"line":17,"column":8},"end":{"line":23,"column":9}},"7":{"start":{"line":18,"column":27},"end":{"line":18,"column":65}},"8":{"start":{"line":19,"column":12},"end":{"line":19,"column":83}},"9":{"start":{"line":22,"column":12},"end":{"line":22,"column":53}},"10":{"start":{"line":27,"column":8},"end":{"line":32,"column":9}},"11":{"start":{"line":28,"column":27},"end":{"line":28,"column":68}},"12":{"start":{"line":29,"column":12},"end":{"line":29,"column":83}},"13":{"start":{"line":31,"column":12},"end":{"line":31,"column":53}},"14":{"start":{"line":36,"column":8},"end":{"line":41,"column":9}},"15":{"start":{"line":37,"column":27},"end":{"line":37,"column":68}},"16":{"start":{"line":38,"column":12},"end":{"line":38,"column":83}},"17":{"start":{"line":40,"column":12},"end":{"line":40,"column":53}},"18":{"start":{"line":45,"column":8},"end":{"line":50,"column":9}},"19":{"start":{"line":46,"column":27},"end":{"line":46,"column":69}},"20":{"start":{"line":47,"column":12},"end":{"line":47,"column":66}},"21":{"start":{"line":49,"column":12},"end":{"line":49,"column":53}},"22":{"start":{"line":55,"column":0},"end":{"line":55,"column":36}}},"fnMap":{"0":{"name":"(anonymous_0)","decl":{"start":{"line":6,"column":4},"end":{"line":6,"column":5}},"loc":{"start":{"line":6,"column":40},"end":{"line":14,"column":5}},"line":6},"1":{"name":"(anonymous_1)","decl":{"start":{"line":16,"column":4},"end":{"line":16,"column":5}},"loc":{"start":{"line":16,"column":40},"end":{"line":24,"column":5}},"line":16},"2":{"name":"(anonymous_2)","decl":{"start":{"line":26,"column":4},"end":{"line":26,"column":5}},"loc":{"start":{"line":26,"column":43},"end":{"line":33,"column":5}},"line":26},"3":{"name":"(anonymous_3)","decl":{"start":{"line":35,"column":4},"end":{"line":35,"column":5}},"loc":{"start":{"line":35,"column":43},"end":{"line":42,"column":5}},"line":35},"4":{"name":"(anonymous_4)","decl":{"start":{"line":44,"column":4},"end":{"line":44,"column":5}},"loc":{"start":{"line":44,"column":44},"end":{"line":51,"column":5}},"line":44}},"branchMap":{},"s":{"0":0,"1":0,"2":0,"3":0,"4":0,"5":0,"6":0,"7":0,"8":0,"9":0,"10":0,"11":0,"12":0,"13":0,"14":0,"15":0,"16":0,"17":0,"18":0,"19":0,"20":0,"21":0,"22":0},"f":{"0":0,"1":0,"2":0,"3":0,"4":0},"b":{}}
,"C:\\Projects\\New folder\\services\\resource\\resourceService.js": {"path":"C:\\Projects\\New folder\\services\\resource\\resourceService.js","statementMap":{"0":{"start":{"line":1,"column":20},"end":{"line":1,"column":52}},"1":{"start":{"line":2,"column":24},"end":{"line":2,"column":62}},"2":{"start":{"line":3,"column":15},"end":{"line":3,"column":35}},"3":{"start":{"line":4,"column":12},"end":{"line":4,"column":26}},"4":{"start":{"line":7,"column":23},"end":{"line":14,"column":2}},"5":{"start":{"line":16,"column":29},"end":{"line":23,"column":9}},"6":{"start":{"line":28,"column":8},"end":{"line":64,"column":9}},"7":{"start":{"line":29,"column":37},"end":{"line":29,"column":93}},"8":{"start":{"line":31,"column":12},"end":{"line":37,"column":13}},"9":{"start":{"line":32,"column":16},"end":{"line":36,"column":18}},"10":{"start":{"line":34,"column":52},"end":{"line":34,"column":61}},"11":{"start":{"line":38,"column":25},"end":{"line":38,"column":67}},"12":{"start":{"line":39,"column":29},"end":{"line":39,"column":67}},"13":{"start":{"line":42,"column":12},"end":{"line":58,"column":13}},"14":{"start":{"line":43,"column":16},"end":{"line":54,"column":19}},"15":{"start":{"line":57,"column":16},"end":{"line":57,"column":79}},"16":{"start":{"line":60,"column":12},"end":{"line":60,"column":28}},"17":{"start":{"line":62,"column":12},"end":{"line":62,"column":31}},"18":{"start":{"line":63,"column":12},"end":{"line":63,"column":24}},"19":{"start":{"line":68,"column":8},"end":{"line":86,"column":9}},"20":{"start":{"line":69,"column":27},"end":{"line":69,"column":37}},"21":{"start":{"line":71,"column":29},"end":{"line":71,"column":74}},"22":{"start":{"line":73,"column":12},"end":{"line":79,"column":13}},"23":{"start":{"line":74,"column":16},"end":{"line":78,"column":18}},"24":{"start":{"line":81,"column":12},"end":{"line":81,"column":28}},"25":{"start":{"line":84,"column":12},"end":{"line":84,"column":31}},"26":{"start":{"line":85,"column":12},"end":{"line":85,"column":24}},"27":{"start":{"line":90,"column":8},"end":{"line":155,"column":9}},"28":{"start":{"line":91,"column":27},"end":{"line":91,"column":37}},"29":{"start":{"line":94,"column":37},"end":{"line":94,"column":99}},"30":{"start":{"line":96,"column":12},"end":{"line":102,"column":13}},"31":{"start":{"line":97,"column":16},"end":{"line":101,"column":18}},"32":{"start":{"line":99,"column":52},"end":{"line":99,"column":61}},"33":{"start":{"line":105,"column":37},"end":{"line":105,"column":82}},"34":{"start":{"line":107,"column":12},"end":{"line":113,"column":13}},"35":{"start":{"line":108,"column":16},"end":{"line":112,"column":18}},"36":{"start":{"line":116,"column":36},"end":{"line":119,"column":13}},"37":{"start":{"line":122,"column":12},"end":{"line":148,"column":13}},"38":{"start":{"line":124,"column":38},"end":{"line":124,"column":40}},"39":{"start":{"line":125,"column":16},"end":{"line":132,"column":19}},"40":{"start":{"line":126,"column":20},"end":{"line":131,"column":21}},"41":{"start":{"line":127,"column":24},"end":{"line":130,"column":26}},"42":{"start":{"line":134,"column":16},"end":{"line":144,"column":19}},"43":{"start":{"line":147,"column":16},"end":{"line":147,"column":79}},"44":{"start":{"line":150,"column":12},"end":{"line":150,"column":35}},"45":{"start":{"line":153,"column":12},"end":{"line":153,"column":31}},"46":{"start":{"line":154,"column":12},"end":{"line":154,"column":24}},"47":{"start":{"line":159,"column":8},"end":{"line":217,"column":9}},"48":{"start":{"line":160,"column":27},"end":{"line":160,"column":37}},"49":{"start":{"line":163,"column":29},"end":{"line":163,"column":74}},"50":{"start":{"line":165,"column":12},"end":{"line":171,"column":13}},"51":{"start":{"line":166,"column":16},"end":{"line":170,"column":18}},"52":{"start":{"line":174,"column":12},"end":{"line":179,"column":13}},"53":{"start":{"line":175,"column":16},"end":{"line":178,"column":18}},"54":{"start":{"line":182,"column":36},"end":{"line":187,"column":13}},"55":{"start":{"line":190,"column":12},"end":{"line":207,"column":13}},"56":{"start":{"line":191,"column":16},"end":{"line":203,"column":19}},"57":{"start":{"line":206,"column":16},"end":{"line":206,"column":79}},"58":{"start":{"line":209,"column":12},"end":{"line":212,"column":14}},"59":{"start":{"line":215,"column":12},"end":{"line":215,"column":31}},"60":{"start":{"line":216,"column":12},"end":{"line":216,"column":24}},"61":{"start":{"line":221,"column":8},"end":{"line":281,"column":9}},"62":{"start":{"line":229,"column":16},"end":{"line":229,"column":25}},"63":{"start":{"line":231,"column":26},"end":{"line":231,"column":44}},"64":{"start":{"line":232,"column":27},"end":{"line":232,"column":55}},"65":{"start":{"line":234,"column":26},"end":{"line":234,"column":28}},"66":{"start":{"line":237,"column":12},"end":{"line":242,"column":13}},"67":{"start":{"line":238,"column":16},"end":{"line":241,"column":18}},"68":{"start":{"line":245,"column":12},"end":{"line":247,"column":13}},"69":{"start":{"line":246,"column":16},"end":{"line":246,"column":34}},"70":{"start":{"line":250,"column":12},"end":{"line":252,"column":13}},"71":{"start":{"line":251,"column":16},"end":{"line":251,"column":38}},"72":{"start":{"line":255,"column":12},"end":{"line":259,"column":13}},"73":{"start":{"line":256,"column":16},"end":{"line":258,"column":18}},"74":{"start":{"line":261,"column":36},"end":{"line":266,"column":14}},"75":{"start":{"line":268,"column":12},"end":{"line":276,"column":14}},"76":{"start":{"line":279,"column":12},"end":{"line":279,"column":31}},"77":{"start":{"line":280,"column":12},"end":{"line":280,"column":24}},"78":{"start":{"line":285,"column":0},"end":{"line":285,"column":33}}},"fnMap":{"0":{"name":"(anonymous_0)","decl":{"start":{"line":27,"column":4},"end":{"line":27,"column":5}},"loc":{"start":{"line":27,"column":35},"end":{"line":65,"column":5}},"line":27},"1":{"name":"(anonymous_1)","decl":{"start":{"line":34,"column":47},"end":{"line":34,"column":48}},"loc":{"start":{"line":34,"column":52},"end":{"line":34,"column":61}},"line":34},"2":{"name":"(anonymous_2)","decl":{"start":{"line":67,"column":4},"end":{"line":67,"column":5}},"loc":{"start":{"line":67,"column":35},"end":{"line":87,"column":5}},"line":67},"3":{"name":"(anonymous_3)","decl":{"start":{"line":89,"column":4},"end":{"line":89,"column":5}},"loc":{"start":{"line":89,"column":37},"end":{"line":156,"column":5}},"line":89},"4":{"name":"(anonymous_4)","decl":{"start":{"line":99,"column":47},"end":{"line":99,"column":48}},"loc":{"start":{"line":99,"column":52},"end":{"line":99,"column":61}},"line":99},"5":{"name":"(anonymous_5)","decl":{"start":{"line":125,"column":43},"end":{"line":125,"column":44}},"loc":{"start":{"line":125,"column":50},"end":{"line":132,"column":17}},"line":125},"6":{"name":"(anonymous_6)","decl":{"start":{"line":158,"column":4},"end":{"line":158,"column":5}},"loc":{"start":{"line":158,"column":37},"end":{"line":218,"column":5}},"line":158},"7":{"name":"(anonymous_7)","decl":{"start":{"line":220,"column":4},"end":{"line":220,"column":5}},"loc":{"start":{"line":220,"column":38},"end":{"line":282,"column":5}},"line":220}},"branchMap":{"0":{"loc":{"start":{"line":31,"column":12},"end":{"line":37,"column":13}},"type":"if","locations":[{"start":{"line":31,"column":12},"end":{"line":37,"column":13}},{"start":{},"end":{}}],"line":31},"1":{"loc":{"start":{"line":52,"column":31},"end":{"line":52,"column":70}},"type":"binary-expr","locations":[{"start":{"line":52,"column":31},"end":{"line":52,"column":37}},{"start":{"line":52,"column":41},"end":{"line":52,"column":70}}],"line":52},"2":{"loc":{"start":{"line":73,"column":12},"end":{"line":79,"column":13}},"type":"if","locations":[{"start":{"line":73,"column":12},"end":{"line":79,"column":13}},{"start":{},"end":{}}],"line":73},"3":{"loc":{"start":{"line":96,"column":12},"end":{"line":102,"column":13}},"type":"if","locations":[{"start":{"line":96,"column":12},"end":{"line":102,"column":13}},{"start":{},"end":{}}],"line":96},"4":{"loc":{"start":{"line":107,"column":12},"end":{"line":113,"column":13}},"type":"if","locations":[{"start":{"line":107,"column":12},"end":{"line":113,"column":13}},{"start":{},"end":{}}],"line":107},"5":{"loc":{"start":{"line":126,"column":20},"end":{"line":131,"column":21}},"type":"if","locations":[{"start":{"line":126,"column":20},"end":{"line":131,"column":21}},{"start":{},"end":{}}],"line":126},"6":{"loc":{"start":{"line":142,"column":31},"end":{"line":142,"column":70}},"type":"binary-expr","locations":[{"start":{"line":142,"column":31},"end":{"line":142,"column":37}},{"start":{"line":142,"column":41},"end":{"line":142,"column":70}}],"line":142},"7":{"loc":{"start":{"line":165,"column":12},"end":{"line":171,"column":13}},"type":"if","locations":[{"start":{"line":165,"column":12},"end":{"line":171,"column":13}},{"start":{},"end":{}}],"line":165},"8":{"loc":{"start":{"line":174,"column":12},"end":{"line":179,"column":13}},"type":"if","locations":[{"start":{"line":174,"column":12},"end":{"line":179,"column":13}},{"start":{},"end":{}}],"line":174},"9":{"loc":{"start":{"line":201,"column":31},"end":{"line":201,"column":70}},"type":"binary-expr","locations":[{"start":{"line":201,"column":31},"end":{"line":201,"column":37}},{"start":{"line":201,"column":41},"end":{"line":201,"column":70}}],"line":201},"10":{"loc":{"start":{"line":223,"column":16},"end":{"line":223,"column":24}},"type":"default-arg","locations":[{"start":{"line":223,"column":23},"end":{"line":223,"column":24}}],"line":223},"11":{"loc":{"start":{"line":224,"column":16},"end":{"line":224,"column":29}},"type":"default-arg","locations":[{"start":{"line":224,"column":27},"end":{"line":224,"column":29}}],"line":224},"12":{"loc":{"start":{"line":237,"column":12},"end":{"line":242,"column":13}},"type":"if","locations":[{"start":{"line":237,"column":12},"end":{"line":242,"column":13}},{"start":{},"end":{}}],"line":237},"13":{"loc":{"start":{"line":245,"column":12},"end":{"line":247,"column":13}},"type":"if","locations":[{"start":{"line":245,"column":12},"end":{"line":247,"column":13}},{"start":{},"end":{}}],"line":245},"14":{"loc":{"start":{"line":250,"column":12},"end":{"line":252,"column":13}},"type":"if","locations":[{"start":{"line":250,"column":12},"end":{"line":252,"column":13}},{"start":{},"end":{}}],"line":250},"15":{"loc":{"start":{"line":255,"column":12},"end":{"line":259,"column":13}},"type":"if","locations":[{"start":{"line":255,"column":12},"end":{"line":259,"column":13}},{"start":{},"end":{}}],"line":255}},"s":{"0":1,"1":1,"2":1,"3":1,"4":1,"5":1,"6":3,"7":3,"8":3,"9":1,"10":3,"11":2,"12":2,"13":2,"14":2,"15":1,"16":2,"17":1,"18":1,"19":2,"20":2,"21":2,"22":2,"23":1,"24":1,"25":1,"26":1,"27":2,"28":2,"29":2,"30":2,"31":0,"32":0,"33":2,"34":2,"35":1,"36":1,"37":1,"38":1,"39":1,"40":2,"41":2,"42":1,"43":0,"44":1,"45":1,"46":1,"47":2,"48":2,"49":2,"50":2,"51":0,"52":2,"53":1,"54":1,"55":1,"56":1,"57":0,"58":1,"59":0,"60":0,"61":2,"62":2,"63":2,"64":2,"65":2,"66":2,"67":1,"68":2,"69":1,"70":2,"71":1,"72":2,"73":0,"74":2,"75":2,"76":0,"77":0,"78":1},"f":{"0":3,"1":3,"2":2,"3":2,"4":0,"5":2,"6":2,"7":2},"b":{"0":[1,2],"1":[2,0],"2":[1,1],"3":[0,2],"4":[1,1],"5":[2,0],"6":[1,0],"7":[0,2],"8":[1,1],"9":[1,0],"10":[1],"11":[1],"12":[1,1],"13":[1,1],"14":[1,1],"15":[0,2]},"_coverageSchema":"1a1c01bbd47fc00a2c39e90264f33305004495a9","hash":"901e2d84b8728b85c912dbcfac8f0b9bde38d45f"}
}
