TN:
SF:DAL\activityDAL.js
FN:5,(anonymous_0)
FN:14,(anonymous_1)
FN:23,(anonymous_2)
FN:55,(anonymous_3)
FN:82,(anonymous_4)
FNF:5
FNH:0
FNDA:0,(anonymous_0)
FNDA:0,(anonymous_1)
FNDA:0,(anonymous_2)
FNDA:0,(anonymous_3)
FNDA:0,(anonymous_4)
DA:1,4
DA:6,0
DA:7,0
DA:8,0
DA:10,0
DA:15,0
DA:16,0
DA:17,0
DA:19,0
DA:29,0
DA:30,0
DA:51,0
DA:56,0
DA:57,0
DA:78,0
DA:83,0
DA:84,0
DA:105,0
DA:110,4
LF:19
LH:2
BRDA:17,0,0,0
BRDA:17,0,1,0
BRDA:24,1,0,0
BRDA:25,2,0,0
BRDA:26,3,0,0
BRDA:27,4,0,0
BRDA:55,5,0,0
BRDA:55,6,0,0
BRDA:55,7,0,0
BRDA:82,8,0,0
BRDA:82,9,0,0
BRDA:82,10,0,0
BRF:12
BRH:0
end_of_record
TN:
SF:DAL\resourceDAL.js
FN:5,(anonymous_0)
FN:14,(anonymous_1)
FN:23,(anonymous_2)
FN:32,(anonymous_3)
FNF:4
FNH:0
FNDA:0,(anonymous_0)
FNDA:0,(anonymous_1)
FNDA:0,(anonymous_2)
FNDA:0,(anonymous_3)
DA:1,1
DA:6,0
DA:7,0
DA:8,0
DA:10,0
DA:15,0
DA:16,0
DA:17,0
DA:19,0
DA:24,0
DA:25,0
DA:26,0
DA:28,0
DA:38,0
DA:56,1
LF:15
LH:2
BRDA:17,0,0,0
BRDA:17,0,1,0
BRDA:33,1,0,0
BRDA:34,2,0,0
BRDA:35,3,0,0
BRDA:36,4,0,0
BRF:6
BRH:0
end_of_record
TN:
SF:DAL\userDAL.js
FN:5,(anonymous_0)
FN:14,(anonymous_1)
FNF:2
FNH:0
FNDA:0,(anonymous_0)
FNDA:0,(anonymous_1)
DA:1,2
DA:6,0
DA:7,0
DA:8,0
DA:10,0
DA:15,0
DA:16,0
DA:17,0
DA:19,0
DA:25,2
LF:10
LH:2
BRF:0
BRH:0
end_of_record
TN:
SF:middleware\acl.js
FN:4,(anonymous_0)
FN:42,(anonymous_1)
FNF:2
FNH:0
FNDA:0,(anonymous_0)
FNDA:0,(anonymous_1)
DA:1,0
DA:2,0
DA:4,0
DA:5,0
DA:40,0
DA:41,0
DA:42,0
DA:45,0
DA:46,0
DA:48,0
DA:49,0
DA:50,0
DA:51,0
LF:13
LH:0
BRDA:42,0,0,0
BRDA:42,0,1,0
BRDA:42,0,2,0
BRDA:45,1,0,0
BRDA:45,1,1,0
BRF:5
BRH:0
end_of_record
TN:
SF:middleware\activityLogger.js
FN:8,activityLogger
FN:9,(anonymous_1)
FN:15,(anonymous_2)
FN:59,(anonymous_3)
FN:84,(anonymous_4)
FN:85,(anonymous_5)
FN:86,(anonymous_6)
FN:87,(anonymous_7)
FNF:8
FNH:8
FNDA:14,activityLogger
FNDA:14,(anonymous_1)
FNDA:13,(anonymous_2)
FNDA:1,(anonymous_3)
FNDA:1,(anonymous_4)
FNDA:1,(anonymous_5)
FNDA:1,(anonymous_6)
FNDA:1,(anonymous_7)
DA:1,1
DA:9,14
DA:10,14
DA:12,14
DA:15,14
DA:17,13
DA:19,12
DA:22,12
DA:23,1
DA:26,11
DA:27,1
DA:30,10
DA:31,5
DA:35,12
DA:40,12
DA:43,12
DA:58,12
DA:61,1
DA:66,13
DA:70,14
DA:74,0
DA:75,0
DA:83,1
DA:84,1
DA:85,1
DA:86,1
DA:87,1
DA:90,1
LF:28
LH:26
BRDA:17,0,0,12
BRDA:17,0,1,1
BRDA:17,1,0,13
BRDA:17,1,1,13
BRDA:22,2,0,1
BRDA:22,2,1,11
BRDA:22,3,0,12
BRDA:22,3,1,12
BRDA:26,4,0,1
BRDA:26,4,1,10
BRDA:26,5,0,11
BRDA:26,5,1,11
BRDA:26,5,2,3
BRDA:30,6,0,5
BRDA:30,6,1,5
BRDA:30,7,0,10
BRDA:30,7,1,10
BRDA:35,8,0,12
BRDA:35,8,1,1
BRDA:35,8,2,1
BRDA:35,8,3,1
BRDA:38,9,0,0
BRDA:38,9,1,1
BRDA:40,10,0,12
BRDA:40,10,1,1
BRDA:50,11,0,9
BRDA:50,11,1,3
BRDA:50,12,0,12
BRDA:50,12,1,6
BRF:29
BRH:28
end_of_record
TN:
SF:middleware\auth.js
FN:4,(anonymous_0)
FNF:1
FNH:0
FNDA:0,(anonymous_0)
DA:1,0
DA:2,0
DA:4,0
DA:5,0
DA:7,0
DA:9,0
DA:10,0
DA:19,0
DA:20,0
DA:21,0
DA:29,0
DA:33,0
DA:34,0
DA:36,0
DA:38,0
DA:39,0
DA:40,0
DA:41,0
DA:44,0
DA:53,0
DA:54,0
DA:63,0
DA:64,0
DA:65,0
DA:74,0
DA:75,0
DA:84,0
DA:92,0
DA:94,0
DA:95,0
LF:30
LH:0
BRDA:9,0,0,0
BRDA:9,0,1,0
BRDA:20,1,0,0
BRDA:20,1,1,0
BRDA:20,2,0,0
BRDA:20,2,1,0
BRDA:38,3,0,0
BRDA:38,3,1,0
BRDA:40,4,0,0
BRDA:40,4,1,0
BRDA:53,5,0,0
BRDA:53,5,1,0
BRDA:53,6,0,0
BRDA:53,6,1,0
BRDA:64,7,0,0
BRDA:64,7,1,0
BRDA:74,8,0,0
BRDA:74,8,1,0
BRF:18
BRH:0
end_of_record
TN:
SF:services\activity\activity.swagger.js
FNF:0
FNH:0
LF:0
LH:0
BRF:0
BRH:0
end_of_record
TN:
SF:services\activity\activityController.js
FN:23,(anonymous_0)
FN:35,(anonymous_1)
FN:73,(anonymous_2)
FN:97,(anonymous_3)
FN:123,(anonymous_4)
FN:147,(anonymous_5)
FNF:6
FNH:1
FNDA:4,(anonymous_0)
FNDA:0,(anonymous_1)
FNDA:0,(anonymous_2)
FNDA:0,(anonymous_3)
FNDA:0,(anonymous_4)
FNDA:0,(anonymous_5)
DA:1,1
DA:2,1
DA:3,1
DA:6,1
DA:24,4
DA:26,4
DA:32,4
DA:33,0
DA:35,0
DA:38,0
DA:42,4
DA:43,0
DA:48,0
DA:52,4
DA:55,3
DA:60,3
DA:63,1
DA:64,1
DA:74,0
DA:75,0
DA:78,0
DA:79,0
DA:84,0
DA:88,0
DA:93,0
DA:94,0
DA:95,0
DA:97,0
DA:100,0
DA:103,0
DA:105,0
DA:110,0
DA:113,0
DA:114,0
DA:124,0
DA:125,0
DA:128,0
DA:129,0
DA:134,0
DA:138,0
DA:143,0
DA:144,0
DA:145,0
DA:147,0
DA:150,0
DA:153,0
DA:155,0
DA:160,0
DA:163,0
DA:164,0
DA:169,1
LF:51
LH:14
BRDA:32,0,0,0
BRDA:32,0,1,4
BRDA:42,1,0,0
BRDA:42,1,1,4
BRDA:42,2,0,4
BRDA:42,2,1,1
BRDA:42,2,2,1
BRDA:78,3,0,0
BRDA:78,3,1,0
BRDA:94,4,0,0
BRDA:94,4,1,0
BRDA:128,5,0,0
BRDA:128,5,1,0
BRDA:144,6,0,0
BRDA:144,6,1,0
BRF:15
BRH:5
end_of_record
TN:
SF:services\activity\activityService.js
FN:38,(anonymous_0)
FN:46,(anonymous_1)
FN:73,(anonymous_2)
FN:81,(anonymous_3)
FN:150,(anonymous_4)
FN:195,(anonymous_5)
FNF:6
FNH:6
FNDA:5,(anonymous_0)
FNDA:3,(anonymous_1)
FNDA:4,(anonymous_2)
FNDA:3,(anonymous_3)
FNDA:3,(anonymous_4)
FNDA:2,(anonymous_5)
DA:1,4
DA:2,4
DA:3,4
DA:6,4
DA:15,4
DA:39,5
DA:41,5
DA:43,5
DA:44,3
DA:46,3
DA:52,2
DA:53,2
DA:56,3
DA:57,3
DA:74,4
DA:76,4
DA:78,4
DA:79,1
DA:81,3
DA:86,3
DA:89,3
DA:91,3
DA:92,1
DA:95,3
DA:96,1
DA:99,3
DA:100,1
DA:104,3
DA:105,2
DA:106,2
DA:107,2
DA:109,2
DA:110,1
DA:115,3
DA:116,3
DA:119,3
DA:126,3
DA:137,1
DA:138,1
DA:151,3
DA:153,3
DA:154,1
DA:161,2
DA:162,2
DA:163,2
DA:165,2
DA:171,2
DA:182,1
DA:183,1
DA:196,2
DA:198,2
DA:199,1
DA:206,1
DA:207,1
DA:208,1
DA:210,1
DA:216,1
DA:227,1
DA:228,1
DA:233,4
LF:60
LH:60
BRDA:43,0,0,3
BRDA:43,0,1,2
BRDA:73,1,0,1
BRDA:78,2,0,1
BRDA:78,2,1,3
BRDA:91,3,0,1
BRDA:91,3,1,2
BRDA:95,4,0,1
BRDA:95,4,1,2
BRDA:99,5,0,1
BRDA:99,5,1,2
BRDA:104,6,0,2
BRDA:104,6,1,1
BRDA:104,7,0,3
BRDA:104,7,1,1
BRDA:106,8,0,2
BRDA:106,8,1,0
BRDA:109,9,0,1
BRDA:109,9,1,1
BRDA:150,10,0,2
BRDA:153,11,0,1
BRDA:153,11,1,2
BRDA:161,12,0,1
BRDA:161,13,0,1
BRDA:195,14,0,2
BRDA:198,15,0,1
BRDA:198,15,1,1
BRDA:206,16,0,1
BRDA:206,17,0,1
BRF:29
BRH:28
end_of_record
TN:
SF:services\auth\auth.swagger.js
FNF:0
FNH:0
LF:0
LH:0
BRF:0
BRH:0
end_of_record
TN:
SF:services\auth\authController.js
FN:6,(anonymous_0)
FN:15,(anonymous_1)
FNF:2
FNH:2
FNDA:2,(anonymous_0)
FNDA:2,(anonymous_1)
DA:1,1
DA:2,1
DA:7,2
DA:8,2
DA:9,1
DA:11,1
DA:16,2
DA:17,2
DA:18,1
DA:20,1
DA:26,1
LF:11
LH:11
BRF:0
BRH:0
end_of_record
TN:
SF:services\auth\authService.js
FN:15,(anonymous_0)
FN:22,(anonymous_1)
FN:58,(anonymous_2)
FNF:3
FNH:3
FNDA:4,(anonymous_0)
FNDA:7,(anonymous_1)
FNDA:4,(anonymous_2)
DA:1,2
DA:2,2
DA:3,2
DA:4,2
DA:7,2
DA:16,4
DA:17,4
DA:19,4
DA:20,2
DA:22,7
DA:27,2
DA:29,2
DA:31,2
DA:32,1
DA:36,1
DA:38,1
DA:45,1
DA:48,1
DA:50,1
DA:53,3
DA:54,3
DA:59,4
DA:60,4
DA:63,4
DA:64,1
DA:71,3
DA:75,3
DA:76,1
DA:83,2
DA:85,2
DA:86,1
DA:93,1
DA:107,1
DA:109,1
DA:114,3
DA:115,3
DA:121,2
LF:37
LH:37
BRDA:19,0,0,2
BRDA:19,0,1,2
BRDA:31,1,0,1
BRDA:31,1,1,1
BRDA:63,2,0,1
BRDA:63,2,1,3
BRDA:63,3,0,4
BRDA:63,3,1,4
BRDA:75,4,0,1
BRDA:75,4,1,2
BRDA:85,5,0,1
BRDA:85,5,1,1
BRF:12
BRH:12
end_of_record
TN:
SF:services\resource\resource.swagger.js
FNF:0
FNH:0
LF:0
LH:0
BRF:0
BRH:0
end_of_record
TN:
SF:services\resource\resourceController.js
FN:6,(anonymous_0)
FN:16,(anonymous_1)
FN:26,(anonymous_2)
FN:35,(anonymous_3)
FN:44,(anonymous_4)
FNF:5
FNH:0
FNDA:0,(anonymous_0)
FNDA:0,(anonymous_1)
FNDA:0,(anonymous_2)
FNDA:0,(anonymous_3)
FNDA:0,(anonymous_4)
DA:1,0
DA:2,0
DA:7,0
DA:8,0
DA:9,0
DA:12,0
DA:17,0
DA:18,0
DA:19,0
DA:22,0
DA:27,0
DA:28,0
DA:29,0
DA:31,0
DA:36,0
DA:37,0
DA:38,0
DA:40,0
DA:45,0
DA:46,0
DA:47,0
DA:49,0
DA:55,0
LF:23
LH:0
BRF:0
BRH:0
end_of_record
TN:
SF:services\resource\resourceService.js
FN:27,(anonymous_0)
FN:34,(anonymous_1)
FN:67,(anonymous_2)
FN:89,(anonymous_3)
FN:99,(anonymous_4)
FN:125,(anonymous_5)
FN:158,(anonymous_6)
FN:220,(anonymous_7)
FNF:8
FNH:7
FNDA:3,(anonymous_0)
FNDA:3,(anonymous_1)
FNDA:2,(anonymous_2)
FNDA:2,(anonymous_3)
FNDA:0,(anonymous_4)
FNDA:2,(anonymous_5)
FNDA:2,(anonymous_6)
FNDA:2,(anonymous_7)
DA:1,1
DA:2,1
DA:3,1
DA:4,1
DA:7,1
DA:16,1
DA:28,3
DA:29,3
DA:31,3
DA:32,1
DA:34,3
DA:38,2
DA:39,2
DA:42,2
DA:43,2
DA:57,1
DA:60,2
DA:62,1
DA:63,1
DA:68,2
DA:69,2
DA:71,2
DA:73,2
DA:74,1
DA:81,1
DA:84,1
DA:85,1
DA:90,2
DA:91,2
DA:94,2
DA:96,2
DA:97,0
DA:99,0
DA:105,2
DA:107,2
DA:108,1
DA:116,1
DA:122,1
DA:124,1
DA:125,1
DA:126,2
DA:127,2
DA:134,1
DA:147,0
DA:150,1
DA:153,1
DA:154,1
DA:159,2
DA:160,2
DA:163,2
DA:165,2
DA:166,0
DA:174,2
DA:175,1
DA:182,1
DA:190,1
DA:191,1
DA:206,0
DA:209,1
DA:215,0
DA:216,0
DA:221,2
DA:229,2
DA:231,2
DA:232,2
DA:234,2
DA:237,2
DA:238,1
DA:245,2
DA:246,1
DA:250,2
DA:251,1
DA:255,2
DA:256,0
DA:261,2
DA:268,2
DA:279,0
DA:280,0
DA:285,1
LF:79
LH:69
BRDA:31,0,0,1
BRDA:31,0,1,2
BRDA:52,1,0,2
BRDA:52,1,1,0
BRDA:73,2,0,1
BRDA:73,2,1,1
BRDA:96,3,0,0
BRDA:96,3,1,2
BRDA:107,4,0,1
BRDA:107,4,1,1
BRDA:126,5,0,2
BRDA:126,5,1,0
BRDA:142,6,0,1
BRDA:142,6,1,0
BRDA:165,7,0,0
BRDA:165,7,1,2
BRDA:174,8,0,1
BRDA:174,8,1,1
BRDA:201,9,0,1
BRDA:201,9,1,0
BRDA:223,10,0,1
BRDA:224,11,0,1
BRDA:237,12,0,1
BRDA:237,12,1,1
BRDA:245,13,0,1
BRDA:245,13,1,1
BRDA:250,14,0,1
BRDA:250,14,1,1
BRDA:255,15,0,0
BRDA:255,15,1,2
BRF:30
BRH:23
end_of_record
